<?xml version="1.0" encoding="UTF-8"?>
<!-- Generated by org.testng.reporters.JUnitReportReporter -->
<testsuite hostname="desktop" failures="0" tests="7" name="cpsat_challenge2.Exercise6" time="37.384" errors="0" timestamp="2019-11-07T20:03:43 IST" skipped="0">
  <testcase classname="cpsat_challenge2.Exercise6" name="liveMarket" time="9.506"/>
  <testcase classname="cpsat_challenge2.Exercise6" name="tableDataTopGainers" time="9.955"/>
  <testcase classname="cpsat_challenge2.Exercise6" name="tableDataTopLosers" time="13.044"/>
  <testcase classname="cpsat_challenge2.Exercise6" name="compareChangeLosers" time="0.007"/>
  <testcase classname="cpsat_challenge2.Exercise6" name="compareChangeGainers" time="0.003"/>
  <testcase classname="cpsat_challenge2.Exercise6" name="dateCompare" time="0.183"/>
  <testcase classname="cpsat_challenge2.Exercise6" name="closeTest" time="4.686"/>
</testsuite> <!-- cpsat_challenge2.Exercise6 -->
