<?xml version="1.0" encoding="UTF-8"?>
<!-- Generated by org.testng.reporters.JUnitReportReporter -->
<testsuite hostname="desktop" failures="0" tests="2" name="cpsat_challenge2.Exercise4" time="70.057" errors="0" timestamp="2019-11-07T20:03:43 IST" skipped="0">
  <testcase classname="cpsat_challenge2.Exercise4" name="searchCompany" time="69.317"/>
  <testcase classname="cpsat_challenge2.Exercise4" name="browserClose" time="0.740"/>
</testsuite> <!-- cpsat_challenge2.Exercise4 -->
