<?xml version="1.0" encoding="UTF-8"?>
<!-- Generated by org.testng.reporters.JUnitReportReporter -->
<testsuite hostname="desktop" failures="0" tests="4" name="cpsat_challenge2.Exercise5" time="39.060" errors="0" timestamp="2019-11-07T20:03:43 IST" skipped="0">
  <testcase classname="cpsat_challenge2.Exercise5" name="bannerMover" time="10.164"/>
  <testcase classname="cpsat_challenge2.Exercise5" name="mensFragnance" time="20.562"/>
  <testcase classname="cpsat_challenge2.Exercise5" name="allStores" time="7.494"/>
  <testcase classname="cpsat_challenge2.Exercise5" name="browserClose" time="0.840"/>
</testsuite> <!-- cpsat_challenge2.Exercise5 -->
